app/build/outputs/logs/manifest-merger-debug-report.txt
-- Merging decision tree log ---
manifest
ADDED from src\main\AndroidManifest.xml:2:1-36:12
	xmlns:android
		ADDED from src\main\AndroidManifest.xml:2:11-69
	package
		ADDED from src\main\AndroidManifest.xml:3:2-40
		INJECTED from src\main\AndroidManifest.xml
		INJECTED from src\main\AndroidManifest.xml
	android:versionName
		ADDED from src\main\AndroidManifest.xml:5:2-27
	android:versionCode
		ADDED from src\main\AndroidManifest.xml:4:2-25
		INJECTED from src\main\AndroidManifest.xml
		INJECTED from src\main\AndroidManifest.xml
uses-sdk
ADDED from src\main\AndroidManifest.xml:7:2-9:35
MERGED from [com.android.support:support-v4:22.2.1] AndroidManifest.xml:20:5-43
	android:targetSdkVersion
		ADDED from src\main\AndroidManifest.xml:9:3-32
		INJECTED from src\main\AndroidManifest.xml
		INJECTED from src\main\AndroidManifest.xml
	android:minSdkVersion
		ADDED from src\main\AndroidManifest.xml:8:3-28
		INJECTED from src\main\AndroidManifest.xml
		INJECTED from src\main\AndroidManifest.xml
uses-permission#android.permission.WRITE_EXTERNAL_STORAGE
ADDED from src\main\AndroidManifest.xml:11:2-78
	android:name
		ADDED from src\main\AndroidManifest.xml:11:19-75
uses-permission#android.permission.READ_EXTERNAL_STORAGE
ADDED from src\main\AndroidManifest.xml:12:2-77
	android:name
		ADDED from src\main\AndroidManifest.xml:12:19-74
application
ADDED from src\main\AndroidManifest.xml:14:2-34:16
MERGED from [com.android.support:support-v4:22.2.1] AndroidManifest.xml:22:5-20
	android:label
		ADDED from src\main\AndroidManifest.xml:17:3-35
	android:allowBackup
		ADDED from src\main\AndroidManifest.xml:15:3-29
	android:icon
		ADDED from src\main\AndroidManifest.xml:16:3-39
activity#net.mobctrl.activity.MainActivity
ADDED from src\main\AndroidManifest.xml:18:3-27:14
	android:screenOrientation
		ADDED from src\main\AndroidManifest.xml:21:4-40
	android:label
		ADDED from src\main\AndroidManifest.xml:20:4-36
	android:name
		ADDED from src\main\AndroidManifest.xml:19:4-52
intent-filter#android.intent.action.MAIN+android.intent.category.LAUNCHER
ADDED from src\main\AndroidManifest.xml:22:4-26:20
action#android.intent.action.MAIN
ADDED from src\main\AndroidManifest.xml:23:5-57
	android:name
		ADDED from src\main\AndroidManifest.xml:23:13-54
category#android.intent.category.LAUNCHER
ADDED from src\main\AndroidManifest.xml:25:5-65
	android:name
		ADDED from src\main\AndroidManifest.xml:25:15-62
activity#net.mobctrl.activity.ListViewActivity
ADDED from src\main\AndroidManifest.xml:28:3-29:14
	android:name
		ADDED from src\main\AndroidManifest.xml:28:13-65
activity#net.mobctrl.activity.RecyclerViewActivity
ADDED from src\main\AndroidManifest.xml:30:3-31:14
	android:name
		ADDED from src\main\AndroidManifest.xml:30:13-69
activity#net.mobctrl.activity.ScrollViewActivity
ADDED from src\main\AndroidManifest.xml:32:3-33:14
	android:name
		ADDED from src\main\AndroidManifest.xml:32:13-67